<?xml version="1.0" encoding="UTF-8"?>
<testng-results skipped="0" failed="0" ignored="0" total="2" passed="2">
  <reporter-output>
  </reporter-output>
  <suite name="Surefire suite" duration-ms="4979" started-at="2022-05-04T21:22:35 CLT" finished-at="2022-05-04T21:22:40 CLT">
    <groups>
    </groups>
    <test name="Surefire test" duration-ms="4979" started-at="2022-05-04T21:22:35 CLT" finished-at="2022-05-04T21:22:40 CLT">
      <class name="JunitTest">
        <test-method status="PASS" signature="testLogin()" name="testLogin" duration-ms="3174" started-at="2022-05-04T21:22:35 CLT" finished-at="2022-05-04T21:22:38 CLT">
          <reporter-output>
          </reporter-output>
        </test-method> <!-- testLogin -->
        <test-method status="PASS" signature="testCenexión()" name="testCenexión" duration-ms="4704" started-at="2022-05-04T21:22:35 CLT" finished-at="2022-05-04T21:22:40 CLT">
          <reporter-output>
          </reporter-output>
        </test-method> <!-- testCenexión -->
      </class> <!-- JunitTest -->
    </test> <!-- Surefire test -->
  </suite> <!-- Surefire suite -->
</testng-results>
