<?xml version="1.0" encoding="UTF-8"?>
<testng-results skipped="0" failed="0" ignored="0" total="1" passed="1">
  <reporter-output>
  </reporter-output>
  <suite name="Surefire suite" duration-ms="2526" started-at="2022-05-04T20:01:32 CLT" finished-at="2022-05-04T20:01:34 CLT">
    <groups>
    </groups>
    <test name="Surefire test" duration-ms="2526" started-at="2022-05-04T20:01:32 CLT" finished-at="2022-05-04T20:01:34 CLT">
      <class name="JunitTest">
        <test-method status="PASS" signature="testCenexión()" name="testCenexión" duration-ms="2354" started-at="2022-05-04T20:01:32 CLT" finished-at="2022-05-04T20:01:34 CLT">
          <reporter-output>
          </reporter-output>
        </test-method> <!-- testCenexión -->
      </class> <!-- JunitTest -->
    </test> <!-- Surefire test -->
  </suite> <!-- Surefire suite -->
</testng-results>
