<?xml version="1.0" encoding="UTF-8"?>
<testng-results skipped="0" failed="0" ignored="0" total="1" passed="1">
  <reporter-output>
  </reporter-output>
  <suite name="Surefire suite" duration-ms="15642" started-at="2022-05-04T21:22:19 CLT" finished-at="2022-05-04T21:22:35 CLT">
    <groups>
    </groups>
    <test name="Surefire test" duration-ms="15642" started-at="2022-05-04T21:22:19 CLT" finished-at="2022-05-04T21:22:35 CLT">
      <class name="TestNg">
        <test-method status="PASS" signature="beforeSuite()[pri:0, instance:TestNg@e720b71]" name="beforeSuite" is-config="true" duration-ms="22" started-at="2022-05-04T21:22:19 CLT" finished-at="2022-05-04T21:22:19 CLT">
          <reporter-output>
          </reporter-output>
        </test-method> <!-- beforeSuite -->
        <test-method status="PASS" signature="beforeTest()[pri:0, instance:TestNg@e720b71]" name="beforeTest" is-config="true" duration-ms="1" started-at="2022-05-04T21:22:19 CLT" finished-at="2022-05-04T21:22:19 CLT">
          <reporter-output>
          </reporter-output>
        </test-method> <!-- beforeTest -->
        <test-method status="PASS" signature="beforeClass()[pri:0, instance:TestNg@e720b71]" name="beforeClass" is-config="true" duration-ms="1" started-at="2022-05-04T21:22:19 CLT" finished-at="2022-05-04T21:22:19 CLT">
          <reporter-output>
          </reporter-output>
        </test-method> <!-- beforeClass -->
        <test-method status="PASS" signature="beforeMethod()[pri:0, instance:TestNg@e720b71]" name="beforeMethod" is-config="true" duration-ms="12428" started-at="2022-05-04T21:22:19 CLT" finished-at="2022-05-04T21:22:31 CLT">
          <reporter-output>
          </reporter-output>
        </test-method> <!-- beforeMethod -->
        <test-method status="PASS" signature="TestLogin()[pri:0, instance:TestNg@e720b71]" name="TestLogin" duration-ms="3138" started-at="2022-05-04T21:22:31 CLT" finished-at="2022-05-04T21:22:34 CLT">
          <reporter-output>
          </reporter-output>
        </test-method> <!-- TestLogin -->
        <test-method status="PASS" signature="afterMethod()[pri:0, instance:TestNg@e720b71]" name="afterMethod" is-config="true" duration-ms="0" started-at="2022-05-04T21:22:34 CLT" finished-at="2022-05-04T21:22:34 CLT">
          <reporter-output>
          </reporter-output>
        </test-method> <!-- afterMethod -->
        <test-method status="PASS" signature="afterClass()[pri:0, instance:TestNg@e720b71]" name="afterClass" is-config="true" duration-ms="0" started-at="2022-05-04T21:22:35 CLT" finished-at="2022-05-04T21:22:35 CLT">
          <reporter-output>
          </reporter-output>
        </test-method> <!-- afterClass -->
        <test-method status="PASS" signature="afterTest()[pri:0, instance:TestNg@e720b71]" name="afterTest" is-config="true" duration-ms="0" started-at="2022-05-04T21:22:35 CLT" finished-at="2022-05-04T21:22:35 CLT">
          <reporter-output>
          </reporter-output>
        </test-method> <!-- afterTest -->
        <test-method status="PASS" signature="afterSuite()[pri:0, instance:TestNg@e720b71]" name="afterSuite" is-config="true" duration-ms="0" started-at="2022-05-04T21:22:35 CLT" finished-at="2022-05-04T21:22:35 CLT">
          <reporter-output>
          </reporter-output>
        </test-method> <!-- afterSuite -->
      </class> <!-- TestNg -->
    </test> <!-- Surefire test -->
  </suite> <!-- Surefire suite -->
</testng-results>
