<?xml version="1.0" encoding="UTF-8"?>
<testng-results ignored="0" total="2" passed="2" failed="0" skipped="0">
  <reporter-output>
  </reporter-output>
  <suite started-at="2022-05-04T18:49:19 CLT" name="Surefire suite" finished-at="2022-05-04T18:49:31 CLT" duration-ms="11904">
    <groups>
    </groups>
    <test started-at="2022-05-04T18:49:19 CLT" name="Surefire test" finished-at="2022-05-04T18:49:31 CLT" duration-ms="11904">
      <class name="TestNg">
        <test-method is-config="true" signature="beforeSuite()[pri:0, instance:TestNg@6973bf95]" started-at="2022-05-04T18:49:19 CLT" name="beforeSuite" finished-at="2022-05-04T18:49:19 CLT" duration-ms="21" status="PASS">
          <reporter-output>
          </reporter-output>
        </test-method> <!-- beforeSuite -->
        <test-method is-config="true" signature="beforeTest()[pri:0, instance:TestNg@6973bf95]" started-at="2022-05-04T18:49:19 CLT" name="beforeTest" finished-at="2022-05-04T18:49:19 CLT" duration-ms="0" status="PASS">
          <reporter-output>
          </reporter-output>
        </test-method> <!-- beforeTest -->
        <test-method is-config="true" signature="beforeClass()[pri:0, instance:TestNg@6973bf95]" started-at="2022-05-04T18:49:19 CLT" name="beforeClass" finished-at="2022-05-04T18:49:19 CLT" duration-ms="0" status="PASS">
          <reporter-output>
          </reporter-output>
        </test-method> <!-- beforeClass -->
        <test-method is-config="true" signature="beforeMethod()[pri:0, instance:TestNg@6973bf95]" started-at="2022-05-04T18:49:19 CLT" name="beforeMethod" finished-at="2022-05-04T18:49:27 CLT" duration-ms="7373" status="PASS">
          <reporter-output>
          </reporter-output>
        </test-method> <!-- beforeMethod -->
        <test-method signature="f(java.lang.Integer,java.lang.String)[pri:0, instance:TestNg@6973bf95]" started-at="2022-05-04T18:49:27 CLT" name="f" data-provider="dp" finished-at="2022-05-04T18:49:27 CLT" duration-ms="3" status="PASS">
          <params>
            <param index="0">
              <value>
                <![CDATA[1]]>
              </value>
            </param>
            <param index="1">
              <value>
                <![CDATA[a]]>
              </value>
            </param>
          </params>
          <reporter-output>
          </reporter-output>
        </test-method> <!-- f -->
        <test-method is-config="true" signature="afterMethod()[pri:0, instance:TestNg@6973bf95]" started-at="2022-05-04T18:49:27 CLT" name="afterMethod" finished-at="2022-05-04T18:49:27 CLT" duration-ms="1" status="PASS">
          <reporter-output>
          </reporter-output>
        </test-method> <!-- afterMethod -->
        <test-method is-config="true" signature="beforeMethod()[pri:0, instance:TestNg@6973bf95]" started-at="2022-05-04T18:49:27 CLT" name="beforeMethod" finished-at="2022-05-04T18:49:31 CLT" duration-ms="4415" status="PASS">
          <reporter-output>
          </reporter-output>
        </test-method> <!-- beforeMethod -->
        <test-method signature="f(java.lang.Integer,java.lang.String)[pri:0, instance:TestNg@6973bf95]" started-at="2022-05-04T18:49:31 CLT" name="f" data-provider="dp" finished-at="2022-05-04T18:49:31 CLT" duration-ms="0" status="PASS">
          <params>
            <param index="0">
              <value>
                <![CDATA[2]]>
              </value>
            </param>
            <param index="1">
              <value>
                <![CDATA[b]]>
              </value>
            </param>
          </params>
          <reporter-output>
          </reporter-output>
        </test-method> <!-- f -->
        <test-method is-config="true" signature="afterMethod()[pri:0, instance:TestNg@6973bf95]" started-at="2022-05-04T18:49:31 CLT" name="afterMethod" finished-at="2022-05-04T18:49:31 CLT" duration-ms="1" status="PASS">
          <reporter-output>
          </reporter-output>
        </test-method> <!-- afterMethod -->
        <test-method is-config="true" signature="afterClass()[pri:0, instance:TestNg@6973bf95]" started-at="2022-05-04T18:49:31 CLT" name="afterClass" finished-at="2022-05-04T18:49:31 CLT" duration-ms="1" status="PASS">
          <reporter-output>
          </reporter-output>
        </test-method> <!-- afterClass -->
        <test-method is-config="true" signature="afterTest()[pri:0, instance:TestNg@6973bf95]" started-at="2022-05-04T18:49:31 CLT" name="afterTest" finished-at="2022-05-04T18:49:31 CLT" duration-ms="0" status="PASS">
          <reporter-output>
          </reporter-output>
        </test-method> <!-- afterTest -->
        <test-method is-config="true" signature="afterSuite()[pri:0, instance:TestNg@6973bf95]" started-at="2022-05-04T18:49:31 CLT" name="afterSuite" finished-at="2022-05-04T18:49:31 CLT" duration-ms="1" status="PASS">
          <reporter-output>
          </reporter-output>
        </test-method> <!-- afterSuite -->
      </class> <!-- TestNg -->
    </test> <!-- Surefire test -->
  </suite> <!-- Surefire suite -->
</testng-results>
