<?xml version="1.0" encoding="UTF-8"?>
<testng-results ignored="0" total="1" passed="1" failed="0" skipped="0">
  <reporter-output>
  </reporter-output>
  <suite started-at="2022-05-04T18:50:43 CLT" name="Surefire suite" finished-at="2022-05-04T18:50:46 CLT" duration-ms="2799">
    <groups>
    </groups>
    <test started-at="2022-05-04T18:50:43 CLT" name="Surefire test" finished-at="2022-05-04T18:50:46 CLT" duration-ms="2799">
      <class name="JunitTest">
        <test-method signature="testCenexión()" started-at="2022-05-04T18:50:43 CLT" name="testCenexión" finished-at="2022-05-04T18:50:46 CLT" duration-ms="2604" status="PASS">
          <reporter-output>
          </reporter-output>
        </test-method> <!-- testCenexión -->
      </class> <!-- JunitTest -->
    </test> <!-- Surefire test -->
  </suite> <!-- Surefire suite -->
</testng-results>
