<?xml version="1.0" encoding="UTF-8"?>
<testng-results skipped="0" failed="0" ignored="0" total="2" passed="2">
  <reporter-output>
  </reporter-output>
  <suite name="Default suite" duration-ms="149" started-at="2022-05-04T17:02:14 CLT" finished-at="2022-05-04T17:02:14 CLT">
    <groups>
    </groups>
    <test name="Default test" duration-ms="149" started-at="2022-05-04T17:02:14 CLT" finished-at="2022-05-04T17:02:14 CLT">
      <class name="TestNg">
        <test-method status="PASS" signature="beforeSuite()[pri:0, instance:TestNg@5a4041cc]" name="beforeSuite" is-config="true" duration-ms="23" started-at="2022-05-04T17:02:14 CLT" finished-at="2022-05-04T17:02:14 CLT">
          <reporter-output>
          </reporter-output>
        </test-method> <!-- beforeSuite -->
        <test-method status="PASS" signature="beforeTest()[pri:0, instance:TestNg@5a4041cc]" name="beforeTest" is-config="true" duration-ms="1" started-at="2022-05-04T17:02:14 CLT" finished-at="2022-05-04T17:02:14 CLT">
          <reporter-output>
          </reporter-output>
        </test-method> <!-- beforeTest -->
        <test-method status="PASS" signature="beforeClass()[pri:0, instance:TestNg@5a4041cc]" name="beforeClass" is-config="true" duration-ms="3" started-at="2022-05-04T17:02:14 CLT" finished-at="2022-05-04T17:02:14 CLT">
          <reporter-output>
          </reporter-output>
        </test-method> <!-- beforeClass -->
        <test-method status="PASS" signature="beforeMethod()[pri:0, instance:TestNg@5a4041cc]" name="beforeMethod" is-config="true" duration-ms="1" started-at="2022-05-04T17:02:14 CLT" finished-at="2022-05-04T17:02:14 CLT">
          <reporter-output>
          </reporter-output>
        </test-method> <!-- beforeMethod -->
        <test-method status="PASS" signature="f(java.lang.Integer,java.lang.String)[pri:0, instance:TestNg@5a4041cc]" name="f" duration-ms="12" started-at="2022-05-04T17:02:14 CLT" data-provider="dp" finished-at="2022-05-04T17:02:14 CLT">
          <params>
            <param index="0">
              <value>
                <![CDATA[1]]>
              </value>
            </param>
            <param index="1">
              <value>
                <![CDATA[a]]>
              </value>
            </param>
          </params>
          <reporter-output>
          </reporter-output>
        </test-method> <!-- f -->
        <test-method status="PASS" signature="afterMethod()[pri:0, instance:TestNg@5a4041cc]" name="afterMethod" is-config="true" duration-ms="1" started-at="2022-05-04T17:02:14 CLT" finished-at="2022-05-04T17:02:14 CLT">
          <reporter-output>
          </reporter-output>
        </test-method> <!-- afterMethod -->
        <test-method status="PASS" signature="beforeMethod()[pri:0, instance:TestNg@5a4041cc]" name="beforeMethod" is-config="true" duration-ms="0" started-at="2022-05-04T17:02:14 CLT" finished-at="2022-05-04T17:02:14 CLT">
          <reporter-output>
          </reporter-output>
        </test-method> <!-- beforeMethod -->
        <test-method status="PASS" signature="f(java.lang.Integer,java.lang.String)[pri:0, instance:TestNg@5a4041cc]" name="f" duration-ms="3" started-at="2022-05-04T17:02:14 CLT" data-provider="dp" finished-at="2022-05-04T17:02:14 CLT">
          <params>
            <param index="0">
              <value>
                <![CDATA[2]]>
              </value>
            </param>
            <param index="1">
              <value>
                <![CDATA[b]]>
              </value>
            </param>
          </params>
          <reporter-output>
          </reporter-output>
        </test-method> <!-- f -->
        <test-method status="PASS" signature="afterMethod()[pri:0, instance:TestNg@5a4041cc]" name="afterMethod" is-config="true" duration-ms="1" started-at="2022-05-04T17:02:14 CLT" finished-at="2022-05-04T17:02:14 CLT">
          <reporter-output>
          </reporter-output>
        </test-method> <!-- afterMethod -->
        <test-method status="PASS" signature="afterClass()[pri:0, instance:TestNg@5a4041cc]" name="afterClass" is-config="true" duration-ms="0" started-at="2022-05-04T17:02:14 CLT" finished-at="2022-05-04T17:02:14 CLT">
          <reporter-output>
          </reporter-output>
        </test-method> <!-- afterClass -->
        <test-method status="PASS" signature="afterTest()[pri:0, instance:TestNg@5a4041cc]" name="afterTest" is-config="true" duration-ms="0" started-at="2022-05-04T17:02:14 CLT" finished-at="2022-05-04T17:02:14 CLT">
          <reporter-output>
          </reporter-output>
        </test-method> <!-- afterTest -->
        <test-method status="PASS" signature="afterSuite()[pri:0, instance:TestNg@5a4041cc]" name="afterSuite" is-config="true" duration-ms="0" started-at="2022-05-04T17:02:14 CLT" finished-at="2022-05-04T17:02:14 CLT">
          <reporter-output>
          </reporter-output>
        </test-method> <!-- afterSuite -->
      </class> <!-- TestNg -->
    </test> <!-- Default test -->
  </suite> <!-- Default suite -->
</testng-results>
